[debug] [2018-01-08T15:02:35.003Z] ----------------------------------------------------------------------
[debug] [2018-01-08T15:02:35.006Z] Command:       C:\Program Files\nodejs\node.exe C:\Users\Ezar\AppData\Roaming\npm\node_modules\firebase-tools\bin\firebase deploy
[debug] [2018-01-08T15:02:35.007Z] CLI Version:   3.16.0
[debug] [2018-01-08T15:02:35.007Z] Platform:      win32
[debug] [2018-01-08T15:02:35.007Z] Node Version:  v6.11.1
[debug] [2018-01-08T15:02:35.007Z] Time:          Mon Jan 08 2018 23:02:35 GMT+0800 (Malay Peninsula Standard Time)
[debug] [2018-01-08T15:02:35.008Z] ----------------------------------------------------------------------
[debug] 
[debug] [2018-01-08T15:02:35.032Z] > command requires scopes: ["email","openid","https://www.googleapis.com/auth/cloudplatformprojects.readonly","https://www.googleapis.com/auth/firebase","https://www.googleapis.com/auth/cloud-platform"]
[debug] [2018-01-08T15:02:35.033Z] > authorizing via signed-in user
[debug] [2018-01-08T15:02:35.038Z] > refreshing access token with scopes: ["email","https://www.googleapis.com/auth/cloud-platform","https://www.googleapis.com/auth/cloudplatformprojects.readonly","https://www.googleapis.com/auth/firebase","openid"]
[debug] [2018-01-08T15:02:35.039Z] >>> HTTP REQUEST POST https://www.googleapis.com/oauth2/v3/token  
 { refresh_token: '1/HEuh2Q4xjqujr0h1r00xbnAHtUHmknxyRi7ZyhQv9O8',
  client_id: '563584335869-fgrhgmd47bqnekij5i8b5pr03ho849e6.apps.googleusercontent.com',
  client_secret: 'j9iVZfS8kkCEFUPaAeJV0sAi',
  grant_type: 'refresh_token',
  scope: 'email https://www.googleapis.com/auth/cloud-platform https://www.googleapis.com/auth/cloudplatformprojects.readonly https://www.googleapis.com/auth/firebase openid' } 
 Mon Jan 08 2018 23:02:35 GMT+0800 (Malay Peninsula Standard Time)
[debug] [2018-01-08T15:02:35.334Z] <<< HTTP RESPONSE 200
[debug] [2018-01-08T15:02:35.340Z] >>> HTTP REQUEST GET https://admin.firebase.com/v1/projects/tornador-bcc1d  
  
 Mon Jan 08 2018 23:02:35 GMT+0800 (Malay Peninsula Standard Time)
[debug] [2018-01-08T15:02:36.645Z] <<< HTTP RESPONSE 200
[debug] [2018-01-08T15:02:36.649Z] >>> HTTP REQUEST GET https://admin.firebase.com/v1/database/tornador-bcc1d/tokens  
  
 Mon Jan 08 2018 23:02:36 GMT+0800 (Malay Peninsula Standard Time)
[debug] [2018-01-08T15:02:37.750Z] <<< HTTP RESPONSE 200
[info] 
[info] === Deploying to 'tornador-bcc1d'...
[info] 
[info] i  deploying hosting
[info] i  hosting: preparing dist directory for upload...
[debug] [2018-01-08T15:02:39.247Z] >>> HTTP REQUEST PUT https://deploy.firebase.com/v1/hosting/tornador-bcc1d/uploads/-L2LHrmJKOvOl7w8lrS2?fileCount=17&message=  
  
 Mon Jan 08 2018 23:02:39 GMT+0800 (Malay Peninsula Standard Time)
